<?xml version="1.0" encoding="UTF-8"?>
<!-- Generated by org.testng.reporters.JUnitXMLReporter -->
<testsuite ignored="0" hostname="SarthakDell" failures="0" tests="6" name="Test" time="0.007" errors="0" timestamp="05 May 2024 18:19:36 GMT">
  <testcase classname="com.automation.Day16_5th_May_2024_TestNG_suiteC_SearchProduct.SearchTest_Part2" name="invalidSearchPart2" time="0.0"/>
  <testcase classname="com.automation.Day16_5th_May_2024_TestNG_suiteC_SearchProduct.SearchTest_Part2" name="validSearchPart2" time="0.0"/>
  <testcase classname="com.automation.Day16_5th_May_2024_TestNG_suiteC_SearchProduct.SearchTest_Part3" name="invalidSearchPart3" time="0.0"/>
  <testcase classname="com.automation.Day16_5th_May_2024_TestNG_suiteC_SearchProduct.SearchTest_Part3" name="validSearchPart3" time="0.001"/>
  <testcase classname="com.automation.Day16_5th_May_2024_TestNG_suiteC_SearchProduct.SearchTest_Part1" name="invalidSearchPart1" time="0.001"/>
  <testcase classname="com.automation.Day16_5th_May_2024_TestNG_suiteC_SearchProduct.SearchTest_Part1" name="validSearchPart1" time="0.001"/>
</testsuite> <!-- Test -->
