<?xml version="1.0" encoding="UTF-8"?>
<!-- Generated by org.testng.reporters.JUnitXMLReporter -->
<testsuite ignored="2" hostname="SarthakDell" failures="0" tests="1" name="Default test" time="3.217" errors="0" timestamp="26 May 2024 16:51:50 GMT">
  <testcase classname="com.automation.Day19_18th_May_2024_Mouse_Actions.MouseActions" name="dragandDropOperation" time="3.201"/>
  <testcase classname="com.automation.Day19_18th_May_2024_Mouse_Actions.MouseActions" name="dragMouseOperation" time="0.0">
    <ignored/>
  </testcase> <!-- dragMouseOperation -->
  <testcase classname="com.automation.Day19_18th_May_2024_Mouse_Actions.MouseActions" name="mouseOperations" time="0.0">
    <ignored/>
  </testcase> <!-- mouseOperations -->
</testsuite> <!-- Default test -->
