<?xml version="1.0" encoding="UTF-8"?>
<!-- Generated by org.testng.reporters.JUnitXMLReporter -->
<testsuite ignored="1" hostname="SarthakDell" failures="0" tests="1" name="Default test" time="6.531" errors="0" timestamp="07 Apr 2024 18:11:22 GMT">
  <testcase classname="com.automation.Day8_7th_Apr_2024_Xpaths.Topic1_Introduction" name="loginTutorialsNinja" time="6.517"/>
  <testcase classname="com.automation.Day8_7th_Apr_2024_Xpaths.Topic1_Introduction" name="registerTutorialsNinja" time="0.0">
    <ignored/>
  </testcase> <!-- registerTutorialsNinja -->
</testsuite> <!-- Default test -->
