<?xml version="1.0" encoding="UTF-8"?>
<!-- Generated by org.testng.reporters.JUnitXMLReporter -->
<testsuite ignored="0" hostname="SarthakDell" failures="0" tests="6" name="Test" time="0.012" errors="0" timestamp="05 May 2024 18:19:36 GMT">
  <testcase classname="com.automation.Day16_5th_May_2024_TestNG_suiteB_Register.RegisterTest_Part1" name="invalidRegisterPart1" time="0.001"/>
  <testcase classname="com.automation.Day16_5th_May_2024_TestNG_suiteB_Register.RegisterTest_Part1" name="validRegisterPart1" time="0.001"/>
  <testcase classname="com.automation.Day16_5th_May_2024_TestNG_suiteB_Register.RegisterTest_Part3" name="invalidRegisterPart3" time="0.0"/>
  <testcase classname="com.automation.Day16_5th_May_2024_TestNG_suiteB_Register.RegisterTest_Part3" name="validRegisterPart3" time="0.001"/>
  <testcase classname="com.automation.Day16_5th_May_2024_TestNG_suiteB_Register.RegisterTest_Part2" name="invalidRegisterPart2" time="0.001"/>
  <testcase classname="com.automation.Day16_5th_May_2024_TestNG_suiteB_Register.RegisterTest_Part2" name="validRegisterPart2" time="0.0"/>
</testsuite> <!-- Test -->
